2020-10-31 17:52:41,474:INFO:
=======
models:UNet,
epoch:50,
batch size:1
dataset:driveEye
========
2020-10-31 17:52:42,469:INFO:Epoch 0/49
2020-10-31 17:52:43,560:INFO:1/20,train_loss:0.626
2020-10-31 17:52:43,682:INFO:2/20,train_loss:0.573
2020-10-31 17:52:43,796:INFO:3/20,train_loss:0.537
2020-10-31 17:52:43,909:INFO:4/20,train_loss:0.509
2020-10-31 17:52:44,024:INFO:5/20,train_loss:0.483
2020-10-31 17:52:44,137:INFO:6/20,train_loss:0.456
2020-10-31 17:52:44,251:INFO:7/20,train_loss:0.446
2020-10-31 17:52:44,368:INFO:8/20,train_loss:0.438
2020-10-31 17:52:44,481:INFO:9/20,train_loss:0.431
2020-10-31 17:52:44,597:INFO:10/20,train_loss:0.426
2020-10-31 17:52:44,710:INFO:11/20,train_loss:0.410
2020-10-31 17:52:44,824:INFO:12/20,train_loss:0.404
2020-10-31 17:52:44,939:INFO:13/20,train_loss:0.394
2020-10-31 17:52:45,051:INFO:14/20,train_loss:0.429
2020-10-31 17:52:45,167:INFO:15/20,train_loss:0.378
2020-10-31 17:52:45,280:INFO:16/20,train_loss:0.388
2020-10-31 17:52:45,395:INFO:17/20,train_loss:0.365
2020-10-31 17:52:45,510:INFO:18/20,train_loss:0.364
2020-10-31 17:52:45,623:INFO:19/20,train_loss:0.360
2020-10-31 17:52:45,738:INFO:20/20,train_loss:0.342
2020-10-31 17:54:52,290:INFO:Miou=0.120570,aver_hd=16.563853,aver_dice=0.214687
2020-10-31 17:54:52,290:INFO:aver_iou:0.12057044634126172 > best_iou:0
2020-10-31 17:54:52,290:INFO:===========>save best model!
2020-10-31 17:54:52,319:INFO:epoch 0 loss:8.758
2020-10-31 17:54:52,319:INFO:Epoch 1/49
2020-10-31 17:54:52,444:INFO:1/20,train_loss:0.340
2020-10-31 17:54:52,574:INFO:2/20,train_loss:0.337
2020-10-31 17:54:52,697:INFO:3/20,train_loss:0.350
2020-10-31 17:54:52,820:INFO:4/20,train_loss:0.348
2020-10-31 17:54:52,935:INFO:5/20,train_loss:0.341
2020-10-31 17:54:53,050:INFO:6/20,train_loss:0.317
2020-10-31 17:54:53,165:INFO:7/20,train_loss:0.315
2020-10-31 17:54:53,280:INFO:8/20,train_loss:0.304
2020-10-31 17:54:53,391:INFO:9/20,train_loss:0.306
2020-10-31 17:54:53,503:INFO:10/20,train_loss:0.309
2020-10-31 17:54:53,619:INFO:11/20,train_loss:0.295
2020-10-31 17:54:53,732:INFO:12/20,train_loss:0.294
2020-10-31 17:54:53,848:INFO:13/20,train_loss:0.291
2020-10-31 17:54:53,963:INFO:14/20,train_loss:0.341
2020-10-31 17:54:54,078:INFO:15/20,train_loss:0.284
2020-10-31 17:54:54,195:INFO:16/20,train_loss:0.288
2020-10-31 17:54:54,320:INFO:17/20,train_loss:0.280
2020-10-31 17:54:54,443:INFO:18/20,train_loss:0.277
2020-10-31 17:54:54,560:INFO:19/20,train_loss:0.275
2020-10-31 17:54:54,676:INFO:20/20,train_loss:0.263
2020-10-31 17:57:16,204:INFO:Miou=0.106351,aver_hd=11.309014,aver_dice=0.181547
2020-10-31 17:57:16,204:INFO:epoch 1 loss:6.156
2020-10-31 17:57:16,204:INFO:Epoch 2/49
2020-10-31 17:57:16,329:INFO:1/20,train_loss:0.257
2020-10-31 17:57:16,458:INFO:2/20,train_loss:0.261
2020-10-31 17:57:16,575:INFO:3/20,train_loss:0.264
2020-10-31 17:57:16,690:INFO:4/20,train_loss:0.272
2020-10-31 17:57:16,807:INFO:5/20,train_loss:0.262
2020-10-31 17:57:16,925:INFO:6/20,train_loss:0.250
2020-10-31 17:57:17,040:INFO:7/20,train_loss:0.250
2020-10-31 17:57:17,158:INFO:8/20,train_loss:0.245
2020-10-31 17:57:17,273:INFO:9/20,train_loss:0.244
2020-10-31 17:57:17,386:INFO:10/20,train_loss:0.249
2020-10-31 17:57:17,502:INFO:11/20,train_loss:0.244
2020-10-31 17:57:17,618:INFO:12/20,train_loss:0.231
2020-10-31 17:57:17,734:INFO:13/20,train_loss:0.229
2020-10-31 17:57:17,848:INFO:14/20,train_loss:0.283
2020-10-31 17:57:17,964:INFO:15/20,train_loss:0.233
2020-10-31 17:57:18,085:INFO:16/20,train_loss:0.245
2020-10-31 17:57:18,200:INFO:17/20,train_loss:0.231
2020-10-31 17:57:18,317:INFO:18/20,train_loss:0.227
2020-10-31 17:57:18,437:INFO:19/20,train_loss:0.228
2020-10-31 17:57:18,554:INFO:20/20,train_loss:0.218
2020-10-31 17:59:22,045:INFO:Miou=0.460895,aver_hd=9.266070,aver_dice=0.614871
2020-10-31 17:59:22,045:INFO:aver_iou:0.4608952031108455 > best_iou:0.12057044634126172
2020-10-31 17:59:22,045:INFO:===========>save best model!
2020-10-31 17:59:22,074:INFO:epoch 2 loss:4.924
2020-10-31 17:59:22,075:INFO:Epoch 3/49
2020-10-31 17:59:22,201:INFO:1/20,train_loss:0.216
2020-10-31 17:59:22,325:INFO:2/20,train_loss:0.221
2020-10-31 17:59:22,441:INFO:3/20,train_loss:0.216
2020-10-31 17:59:22,558:INFO:4/20,train_loss:0.233
2020-10-31 17:59:22,673:INFO:5/20,train_loss:0.228
2020-10-31 17:59:22,784:INFO:6/20,train_loss:0.214
2020-10-31 17:59:22,898:INFO:7/20,train_loss:0.209
2020-10-31 17:59:23,013:INFO:8/20,train_loss:0.208
2020-10-31 17:59:23,124:INFO:9/20,train_loss:0.205
2020-10-31 17:59:23,239:INFO:10/20,train_loss:0.211
2020-10-31 17:59:23,354:INFO:11/20,train_loss:0.203
2020-10-31 17:59:23,470:INFO:12/20,train_loss:0.195
2020-10-31 17:59:23,584:INFO:13/20,train_loss:0.195
2020-10-31 17:59:23,701:INFO:14/20,train_loss:0.257
2020-10-31 17:59:23,814:INFO:15/20,train_loss:0.201
2020-10-31 17:59:23,927:INFO:16/20,train_loss:0.208
2020-10-31 17:59:24,043:INFO:17/20,train_loss:0.199
2020-10-31 17:59:24,159:INFO:18/20,train_loss:0.193
2020-10-31 17:59:24,271:INFO:19/20,train_loss:0.196
2020-10-31 17:59:24,385:INFO:20/20,train_loss:0.184
2020-10-31 18:01:28,552:INFO:Miou=0.507319,aver_hd=8.985946,aver_dice=0.662227
2020-10-31 18:01:28,552:INFO:aver_iou:0.5073193525298072 > best_iou:0.4608952031108455
2020-10-31 18:01:28,552:INFO:===========>save best model!
2020-10-31 18:01:28,581:INFO:epoch 3 loss:4.192
2020-10-31 18:01:28,581:INFO:Epoch 4/49
2020-10-31 18:01:28,705:INFO:1/20,train_loss:0.183
2020-10-31 18:01:28,832:INFO:2/20,train_loss:0.192
2020-10-31 18:01:28,951:INFO:3/20,train_loss:0.185
2020-10-31 18:01:29,066:INFO:4/20,train_loss:0.206
2020-10-31 18:01:29,181:INFO:5/20,train_loss:0.203
2020-10-31 18:01:29,295:INFO:6/20,train_loss:0.186
2020-10-31 18:01:29,409:INFO:7/20,train_loss:0.181
2020-10-31 18:01:29,524:INFO:8/20,train_loss:0.183
2020-10-31 18:01:29,638:INFO:9/20,train_loss:0.180
2020-10-31 18:01:29,752:INFO:10/20,train_loss:0.179
2020-10-31 18:01:29,868:INFO:11/20,train_loss:0.173
2020-10-31 18:01:29,983:INFO:12/20,train_loss:0.168
2020-10-31 18:01:30,099:INFO:13/20,train_loss:0.167
2020-10-31 18:01:30,216:INFO:14/20,train_loss:0.229
2020-10-31 18:01:30,334:INFO:15/20,train_loss:0.173
2020-10-31 18:01:30,484:INFO:16/20,train_loss:0.184
2020-10-31 18:01:30,641:INFO:17/20,train_loss:0.173
2020-10-31 18:01:30,760:INFO:18/20,train_loss:0.169
2020-10-31 18:01:30,876:INFO:19/20,train_loss:0.169
2020-10-31 18:01:30,994:INFO:20/20,train_loss:0.161
2020-10-31 18:03:36,042:INFO:Miou=0.542638,aver_hd=8.921952,aver_dice=0.695021
2020-10-31 18:03:36,043:INFO:aver_iou:0.542637540793668 > best_iou:0.5073193525298072
2020-10-31 18:03:36,043:INFO:===========>save best model!
2020-10-31 18:03:36,073:INFO:epoch 4 loss:3.643
2020-10-31 18:03:36,073:INFO:Epoch 5/49
2020-10-31 18:03:36,199:INFO:1/20,train_loss:0.157
2020-10-31 18:03:36,318:INFO:2/20,train_loss:0.169
2020-10-31 18:03:36,434:INFO:3/20,train_loss:0.161
2020-10-31 18:03:36,548:INFO:4/20,train_loss:0.187
2020-10-31 18:03:36,666:INFO:5/20,train_loss:0.182
2020-10-31 18:03:36,778:INFO:6/20,train_loss:0.161
2020-10-31 18:03:36,894:INFO:7/20,train_loss:0.162
2020-10-31 18:03:37,008:INFO:8/20,train_loss:0.162
2020-10-31 18:03:37,123:INFO:9/20,train_loss:0.158
2020-10-31 18:03:37,237:INFO:10/20,train_loss:0.158
2020-10-31 18:03:37,351:INFO:11/20,train_loss:0.149
2020-10-31 18:03:37,465:INFO:12/20,train_loss:0.149
2020-10-31 18:03:37,579:INFO:13/20,train_loss:0.148
2020-10-31 18:03:37,693:INFO:14/20,train_loss:0.212
2020-10-31 18:03:37,804:INFO:15/20,train_loss:0.154
2020-10-31 18:03:37,918:INFO:16/20,train_loss:0.165
2020-10-31 18:03:38,034:INFO:17/20,train_loss:0.153
2020-10-31 18:03:38,148:INFO:18/20,train_loss:0.151
2020-10-31 18:03:38,258:INFO:19/20,train_loss:0.151
2020-10-31 18:03:38,372:INFO:20/20,train_loss:0.144
