2020-10-31 15:05:54,549:INFO:
=======
models:UNet,
epoch:50,
batch size:2
dataset:driveEye
========
2020-10-31 15:06:02,054:INFO:Epoch 0/49
2020-10-31 15:06:13,227:INFO:1/10,train_loss:0.623
2020-10-31 15:06:13,598:INFO:2/10,train_loss:0.605
2020-10-31 15:06:13,949:INFO:3/10,train_loss:0.558
2020-10-31 15:06:14,184:INFO:4/10,train_loss:0.527
2020-10-31 15:06:14,470:INFO:5/10,train_loss:0.502
2020-10-31 15:06:14,719:INFO:6/10,train_loss:0.477
2020-10-31 15:06:14,962:INFO:7/10,train_loss:0.476
2020-10-31 15:06:15,262:INFO:8/10,train_loss:0.455
2020-10-31 15:06:15,639:INFO:9/10,train_loss:0.442
2020-10-31 15:06:15,885:INFO:10/10,train_loss:0.424
2020-10-31 15:08:57,598:INFO:Miou=0.000000,aver_hd=12.232894,aver_dice=0.000000
2020-10-31 15:08:57,598:INFO:epoch 0 loss:5.089
2020-10-31 15:08:57,599:INFO:Epoch 1/49
2020-10-31 15:08:57,808:INFO:1/10,train_loss:0.413
2020-10-31 15:08:58,009:INFO:2/10,train_loss:0.422
2020-10-31 15:08:58,205:INFO:3/10,train_loss:0.400
2020-10-31 15:08:58,401:INFO:4/10,train_loss:0.396
2020-10-31 15:08:58,599:INFO:5/10,train_loss:0.383
2020-10-31 15:08:58,795:INFO:6/10,train_loss:0.380
2020-10-31 15:08:58,994:INFO:7/10,train_loss:0.392
2020-10-31 15:08:59,192:INFO:8/10,train_loss:0.383
2020-10-31 15:08:59,391:INFO:9/10,train_loss:0.374
2020-10-31 15:08:59,587:INFO:10/10,train_loss:0.365
2020-10-31 15:11:35,724:INFO:Miou=0.000224,aver_hd=12.206291,aver_dice=0.000446
2020-10-31 15:11:35,725:INFO:aver_iou:0.00022409077895956783 > best_iou:0
2020-10-31 15:11:35,725:INFO:===========>save best model!
2020-10-31 15:11:35,784:INFO:epoch 1 loss:3.909
2020-10-31 15:11:35,784:INFO:Epoch 2/49
2020-10-31 15:11:36,000:INFO:1/10,train_loss:0.350
2020-10-31 15:11:36,195:INFO:2/10,train_loss:0.369
2020-10-31 15:11:36,395:INFO:3/10,train_loss:0.350
2020-10-31 15:11:36,592:INFO:4/10,train_loss:0.344
2020-10-31 15:11:36,789:INFO:5/10,train_loss:0.336
2020-10-31 15:11:36,985:INFO:6/10,train_loss:0.331
2020-10-31 15:11:37,185:INFO:7/10,train_loss:0.342
2020-10-31 15:11:37,383:INFO:8/10,train_loss:0.334
2020-10-31 15:11:37,581:INFO:9/10,train_loss:0.328
2020-10-31 15:11:37,780:INFO:10/10,train_loss:0.318
2020-10-31 15:13:51,928:INFO:Miou=0.028381,aver_hd=11.743553,aver_dice=0.053712
2020-10-31 15:13:51,929:INFO:aver_iou:0.0283809983519851 > best_iou:0.00022409077895956783
2020-10-31 15:13:51,929:INFO:===========>save best model!
2020-10-31 15:13:51,958:INFO:epoch 2 loss:3.402
2020-10-31 15:13:51,959:INFO:Epoch 3/49
2020-10-31 15:13:52,175:INFO:1/10,train_loss:0.314
2020-10-31 15:13:52,370:INFO:2/10,train_loss:0.323
2020-10-31 15:13:52,566:INFO:3/10,train_loss:0.320
2020-10-31 15:13:52,763:INFO:4/10,train_loss:0.307
2020-10-31 15:13:52,958:INFO:5/10,train_loss:0.311
2020-10-31 15:13:53,155:INFO:6/10,train_loss:0.299
2020-10-31 15:13:53,351:INFO:7/10,train_loss:0.312
2020-10-31 15:13:53,551:INFO:8/10,train_loss:0.299
2020-10-31 15:13:53,747:INFO:9/10,train_loss:0.300
2020-10-31 15:13:53,945:INFO:10/10,train_loss:0.293
2020-10-31 15:16:06,614:INFO:Miou=0.226266,aver_hd=10.672749,aver_dice=0.364421
2020-10-31 15:16:06,614:INFO:aver_iou:0.226265824742013 > best_iou:0.0283809983519851
2020-10-31 15:16:06,614:INFO:===========>save best model!
2020-10-31 15:16:06,644:INFO:epoch 3 loss:3.076
2020-10-31 15:16:06,644:INFO:Epoch 4/49
2020-10-31 15:16:06,857:INFO:1/10,train_loss:0.283
2020-10-31 15:16:07,058:INFO:2/10,train_loss:0.299
2020-10-31 15:16:07,255:INFO:3/10,train_loss:0.287
2020-10-31 15:16:07,452:INFO:4/10,train_loss:0.282
2020-10-31 15:16:07,648:INFO:5/10,train_loss:0.279
2020-10-31 15:16:07,844:INFO:6/10,train_loss:0.277
2020-10-31 15:16:08,038:INFO:7/10,train_loss:0.292
2020-10-31 15:16:08,236:INFO:8/10,train_loss:0.273
2020-10-31 15:16:08,433:INFO:9/10,train_loss:0.272
2020-10-31 15:16:08,631:INFO:10/10,train_loss:0.265
2020-10-31 15:18:22,908:INFO:Miou=0.423463,aver_hd=9.571687,aver_dice=0.589902
2020-10-31 15:18:22,909:INFO:aver_iou:0.42346339997468796 > best_iou:0.226265824742013
2020-10-31 15:18:22,909:INFO:===========>save best model!
2020-10-31 15:18:22,939:INFO:epoch 4 loss:2.811
2020-10-31 15:18:22,939:INFO:Epoch 5/49
2020-10-31 15:18:23,150:INFO:1/10,train_loss:0.261
2020-10-31 15:18:23,344:INFO:2/10,train_loss:0.276
2020-10-31 15:18:23,542:INFO:3/10,train_loss:0.271
2020-10-31 15:18:23,740:INFO:4/10,train_loss:0.257
2020-10-31 15:18:23,937:INFO:5/10,train_loss:0.256
2020-10-31 15:18:24,133:INFO:6/10,train_loss:0.253
2020-10-31 15:18:24,330:INFO:7/10,train_loss:0.266
2020-10-31 15:18:24,526:INFO:8/10,train_loss:0.252
2020-10-31 15:18:24,722:INFO:9/10,train_loss:0.251
2020-10-31 15:18:24,919:INFO:10/10,train_loss:0.245
2020-10-31 15:20:39,701:INFO:Miou=0.474205,aver_hd=9.189427,aver_dice=0.639015
2020-10-31 15:20:39,702:INFO:aver_iou:0.47420506447215355 > best_iou:0.42346339997468796
2020-10-31 15:20:39,702:INFO:===========>save best model!
2020-10-31 15:20:39,732:INFO:epoch 5 loss:2.588
2020-10-31 15:20:39,732:INFO:Epoch 6/49
2020-10-31 15:20:39,940:INFO:1/10,train_loss:0.240
2020-10-31 15:20:40,135:INFO:2/10,train_loss:0.253
2020-10-31 15:20:40,331:INFO:3/10,train_loss:0.245
2020-10-31 15:20:40,528:INFO:4/10,train_loss:0.238
2020-10-31 15:20:40,725:INFO:5/10,train_loss:0.237
2020-10-31 15:20:40,921:INFO:6/10,train_loss:0.232
2020-10-31 15:20:41,118:INFO:7/10,train_loss:0.246
2020-10-31 15:20:41,315:INFO:8/10,train_loss:0.234
2020-10-31 15:20:41,513:INFO:9/10,train_loss:0.234
2020-10-31 15:20:41,712:INFO:10/10,train_loss:0.226
2020-10-31 15:22:57,529:INFO:Miou=0.545057,aver_hd=8.741413,aver_dice=0.702048
2020-10-31 15:22:57,529:INFO:aver_iou:0.5450566589104572 > best_iou:0.47420506447215355
2020-10-31 15:22:57,529:INFO:===========>save best model!
2020-10-31 15:22:57,559:INFO:epoch 6 loss:2.384
2020-10-31 15:22:57,559:INFO:Epoch 7/49
2020-10-31 15:22:57,769:INFO:1/10,train_loss:0.221
2020-10-31 15:22:57,969:INFO:2/10,train_loss:0.229
2020-10-31 15:22:58,163:INFO:3/10,train_loss:0.230
2020-10-31 15:22:58,357:INFO:4/10,train_loss:0.220
2020-10-31 15:22:58,549:INFO:5/10,train_loss:0.218
2020-10-31 15:22:58,743:INFO:6/10,train_loss:0.212
2020-10-31 15:22:58,936:INFO:7/10,train_loss:0.231
2020-10-31 15:22:59,132:INFO:8/10,train_loss:0.216
2020-10-31 15:22:59,326:INFO:9/10,train_loss:0.217
2020-10-31 15:22:59,519:INFO:10/10,train_loss:0.210
2020-10-31 15:25:15,598:INFO:Miou=0.564600,aver_hd=8.610755,aver_dice=0.718481
2020-10-31 15:25:15,598:INFO:aver_iou:0.5646004545657732 > best_iou:0.5450566589104572
2020-10-31 15:25:15,598:INFO:===========>save best model!
2020-10-31 15:25:15,626:INFO:epoch 7 loss:2.205
2020-10-31 15:25:15,627:INFO:Epoch 8/49
2020-10-31 15:25:15,838:INFO:1/10,train_loss:0.206
2020-10-31 15:25:16,029:INFO:2/10,train_loss:0.213
2020-10-31 15:25:16,223:INFO:3/10,train_loss:0.213
2020-10-31 15:25:16,415:INFO:4/10,train_loss:0.205
2020-10-31 15:25:16,610:INFO:5/10,train_loss:0.206
2020-10-31 15:25:16,803:INFO:6/10,train_loss:0.198
2020-10-31 15:25:16,997:INFO:7/10,train_loss:0.217
2020-10-31 15:25:17,192:INFO:8/10,train_loss:0.202
2020-10-31 15:25:17,386:INFO:9/10,train_loss:0.201
2020-10-31 15:25:17,578:INFO:10/10,train_loss:0.196
2020-10-31 15:27:33,829:INFO:Miou=0.550221,aver_hd=8.663006,aver_dice=0.705221
2020-10-31 15:27:33,829:INFO:epoch 8 loss:2.057
2020-10-31 15:27:33,829:INFO:Epoch 9/49
2020-10-31 15:27:34,037:INFO:1/10,train_loss:0.193
2020-10-31 15:27:34,231:INFO:2/10,train_loss:0.198
2020-10-31 15:27:34,424:INFO:3/10,train_loss:0.206
2020-10-31 15:27:34,618:INFO:4/10,train_loss:0.192
2020-10-31 15:27:34,812:INFO:5/10,train_loss:0.195
2020-10-31 15:27:35,007:INFO:6/10,train_loss:0.185
2020-10-31 15:27:35,199:INFO:7/10,train_loss:0.207
2020-10-31 15:27:35,395:INFO:8/10,train_loss:0.192
2020-10-31 15:27:35,588:INFO:9/10,train_loss:0.193
2020-10-31 15:27:35,782:INFO:10/10,train_loss:0.185
2020-10-31 15:29:51,974:INFO:Miou=0.562577,aver_hd=8.565212,aver_dice=0.716221
2020-10-31 15:29:51,974:INFO:epoch 9 loss:1.945
2020-10-31 15:29:51,975:INFO:Epoch 10/49
2020-10-31 15:29:52,184:INFO:1/10,train_loss:0.182
2020-10-31 15:29:52,378:INFO:2/10,train_loss:0.190
2020-10-31 15:29:52,572:INFO:3/10,train_loss:0.192
2020-10-31 15:29:52,765:INFO:4/10,train_loss:0.182
2020-10-31 15:29:52,962:INFO:5/10,train_loss:0.181
2020-10-31 15:29:53,155:INFO:6/10,train_loss:0.173
2020-10-31 15:29:53,351:INFO:7/10,train_loss:0.197
2020-10-31 15:29:53,545:INFO:8/10,train_loss:0.179
2020-10-31 15:29:53,739:INFO:9/10,train_loss:0.179
2020-10-31 15:29:53,932:INFO:10/10,train_loss:0.175
2020-10-31 15:32:11,345:INFO:Miou=0.595927,aver_hd=8.297974,aver_dice=0.744620
2020-10-31 15:32:11,345:INFO:aver_iou:0.5959274976433748 > best_iou:0.5646004545657732
2020-10-31 15:32:11,345:INFO:===========>save best model!
2020-10-31 15:32:11,375:INFO:epoch 10 loss:1.830
2020-10-31 15:32:11,375:INFO:Epoch 11/49
2020-10-31 15:32:11,586:INFO:1/10,train_loss:0.170
2020-10-31 15:32:11,781:INFO:2/10,train_loss:0.177
2020-10-31 15:32:11,973:INFO:3/10,train_loss:0.182
2020-10-31 15:32:12,168:INFO:4/10,train_loss:0.173
2020-10-31 15:32:12,361:INFO:5/10,train_loss:0.172
2020-10-31 15:32:12,551:INFO:6/10,train_loss:0.164
2020-10-31 15:32:12,745:INFO:7/10,train_loss:0.185
2020-10-31 15:32:12,939:INFO:8/10,train_loss:0.170
2020-10-31 15:32:13,132:INFO:9/10,train_loss:0.170
2020-10-31 15:32:13,327:INFO:10/10,train_loss:0.166
2020-10-31 15:34:30,185:INFO:Miou=0.593021,aver_hd=8.322757,aver_dice=0.742333
2020-10-31 15:34:30,185:INFO:epoch 11 loss:1.727
2020-10-31 15:34:30,185:INFO:Epoch 12/49
2020-10-31 15:34:30,395:INFO:1/10,train_loss:0.161
2020-10-31 15:34:30,590:INFO:2/10,train_loss:0.167
2020-10-31 15:34:30,783:INFO:3/10,train_loss:0.174
2020-10-31 15:34:30,977:INFO:4/10,train_loss:0.165
2020-10-31 15:34:31,171:INFO:5/10,train_loss:0.164
2020-10-31 15:34:31,363:INFO:6/10,train_loss:0.154
2020-10-31 15:34:31,557:INFO:7/10,train_loss:0.177
2020-10-31 15:34:31,749:INFO:8/10,train_loss:0.162
2020-10-31 15:34:31,944:INFO:9/10,train_loss:0.161
2020-10-31 15:34:32,138:INFO:10/10,train_loss:0.158
2020-10-31 15:36:49,152:INFO:Miou=0.586024,aver_hd=8.390537,aver_dice=0.736430
2020-10-31 15:36:49,153:INFO:epoch 12 loss:1.644
2020-10-31 15:36:49,153:INFO:Epoch 13/49
2020-10-31 15:36:49,362:INFO:1/10,train_loss:0.153
2020-10-31 15:36:49,554:INFO:2/10,train_loss:0.158
2020-10-31 15:36:49,748:INFO:3/10,train_loss:0.165
2020-10-31 15:36:49,940:INFO:4/10,train_loss:0.157
2020-10-31 15:36:50,134:INFO:5/10,train_loss:0.156
2020-10-31 15:36:50,325:INFO:6/10,train_loss:0.147
2020-10-31 15:36:50,521:INFO:7/10,train_loss:0.170
2020-10-31 15:36:50,716:INFO:8/10,train_loss:0.154
2020-10-31 15:36:50,908:INFO:9/10,train_loss:0.152
2020-10-31 15:36:51,101:INFO:10/10,train_loss:0.151
2020-10-31 15:39:07,079:INFO:Miou=0.579972,aver_hd=8.368949,aver_dice=0.732170
2020-10-31 15:39:07,080:INFO:epoch 13 loss:1.563
2020-10-31 15:39:07,080:INFO:Epoch 14/49
2020-10-31 15:39:07,291:INFO:1/10,train_loss:0.147
2020-10-31 15:39:07,487:INFO:2/10,train_loss:0.150
2020-10-31 15:39:07,681:INFO:3/10,train_loss:0.158
2020-10-31 15:39:07,873:INFO:4/10,train_loss:0.151
2020-10-31 15:39:08,067:INFO:5/10,train_loss:0.149
2020-10-31 15:39:08,260:INFO:6/10,train_loss:0.140
2020-10-31 15:39:08,454:INFO:7/10,train_loss:0.161
2020-10-31 15:39:08,798:INFO:8/10,train_loss:0.147
2020-10-31 15:39:08,991:INFO:9/10,train_loss:0.146
2020-10-31 15:39:09,185:INFO:10/10,train_loss:0.144
2020-10-31 15:41:25,985:INFO:Miou=0.605515,aver_hd=8.193598,aver_dice=0.752714
2020-10-31 15:41:25,985:INFO:aver_iou:0.6055154651244734 > best_iou:0.5959274976433748
2020-10-31 15:41:25,985:INFO:===========>save best model!
2020-10-31 15:41:26,015:INFO:epoch 14 loss:1.492
2020-10-31 15:41:26,015:INFO:Epoch 15/49
2020-10-31 15:41:26,223:INFO:1/10,train_loss:0.140
2020-10-31 15:41:26,415:INFO:2/10,train_loss:0.145
2020-10-31 15:41:26,608:INFO:3/10,train_loss:0.151
2020-10-31 15:41:26,801:INFO:4/10,train_loss:0.146
2020-10-31 15:41:26,996:INFO:5/10,train_loss:0.143
2020-10-31 15:41:27,188:INFO:6/10,train_loss:0.133
2020-10-31 15:41:27,382:INFO:7/10,train_loss:0.157
2020-10-31 15:41:27,836:INFO:8/10,train_loss:0.141
2020-10-31 15:41:28,029:INFO:9/10,train_loss:0.140
2020-10-31 15:41:28,223:INFO:10/10,train_loss:0.138
2020-10-31 15:46:33,976:INFO:Miou=0.601118,aver_hd=8.178099,aver_dice=0.749225
2020-10-31 15:46:33,977:INFO:epoch 15 loss:1.436
2020-10-31 15:46:33,977:INFO:Epoch 16/49
2020-10-31 15:46:34,197:INFO:1/10,train_loss:0.135
2020-10-31 15:46:34,410:INFO:2/10,train_loss:0.139
2020-10-31 15:46:34,609:INFO:3/10,train_loss:0.149
2020-10-31 15:46:34,807:INFO:4/10,train_loss:0.140
2020-10-31 15:46:35,005:INFO:5/10,train_loss:0.139
2020-10-31 15:46:35,205:INFO:6/10,train_loss:0.128
2020-10-31 15:46:35,406:INFO:7/10,train_loss:0.150
2020-10-31 15:46:35,791:INFO:8/10,train_loss:0.136
2020-10-31 15:46:35,991:INFO:9/10,train_loss:0.134
2020-10-31 15:46:36,192:INFO:10/10,train_loss:0.133
2020-10-31 15:48:54,659:INFO:Miou=0.619950,aver_hd=8.063673,aver_dice=0.764253
2020-10-31 15:48:54,660:INFO:aver_iou:0.6199504742893177 > best_iou:0.6055154651244734
2020-10-31 15:48:54,660:INFO:===========>save best model!
2020-10-31 15:48:54,689:INFO:epoch 16 loss:1.382
2020-10-31 15:48:54,690:INFO:Epoch 17/49
2020-10-31 15:48:54,907:INFO:1/10,train_loss:0.131
2020-10-31 15:48:55,107:INFO:2/10,train_loss:0.134
2020-10-31 15:48:55,305:INFO:3/10,train_loss:0.142
2020-10-31 15:48:55,504:INFO:4/10,train_loss:0.136
2020-10-31 15:48:55,705:INFO:5/10,train_loss:0.132
2020-10-31 15:48:55,902:INFO:6/10,train_loss:0.122
2020-10-31 15:48:56,103:INFO:7/10,train_loss:0.147
2020-10-31 15:48:56,300:INFO:8/10,train_loss:0.133
2020-10-31 15:48:56,497:INFO:9/10,train_loss:0.130
2020-10-31 15:48:56,709:INFO:10/10,train_loss:0.129
2020-10-31 15:51:14,910:INFO:Miou=0.620075,aver_hd=8.046722,aver_dice=0.764451
2020-10-31 15:51:14,910:INFO:aver_iou:0.6200746468576451 > best_iou:0.6199504742893177
2020-10-31 15:51:14,910:INFO:===========>save best model!
2020-10-31 15:51:14,940:INFO:epoch 17 loss:1.337
2020-10-31 15:51:14,940:INFO:Epoch 18/49
2020-10-31 15:51:15,147:INFO:1/10,train_loss:0.127
2020-10-31 15:51:15,342:INFO:2/10,train_loss:0.131
2020-10-31 15:51:15,542:INFO:3/10,train_loss:0.140
2020-10-31 15:51:15,741:INFO:4/10,train_loss:0.132
2020-10-31 15:51:15,940:INFO:5/10,train_loss:0.129
2020-10-31 15:51:16,139:INFO:6/10,train_loss:0.119
2020-10-31 15:51:16,341:INFO:7/10,train_loss:0.142
2020-10-31 15:51:16,538:INFO:8/10,train_loss:0.128
2020-10-31 15:51:16,738:INFO:9/10,train_loss:0.124
2020-10-31 15:51:16,938:INFO:10/10,train_loss:0.124
2020-10-31 15:53:34,867:INFO:Miou=0.608535,aver_hd=8.096200,aver_dice=0.755300
2020-10-31 15:53:34,868:INFO:epoch 18 loss:1.296
2020-10-31 15:53:34,868:INFO:Epoch 19/49
2020-10-31 15:53:35,087:INFO:1/10,train_loss:0.123
2020-10-31 15:53:35,287:INFO:2/10,train_loss:0.127
2020-10-31 15:53:35,487:INFO:3/10,train_loss:0.135
2020-10-31 15:53:35,687:INFO:4/10,train_loss:0.128
2020-10-31 15:53:35,888:INFO:5/10,train_loss:0.127
2020-10-31 15:53:36,090:INFO:6/10,train_loss:0.116
2020-10-31 15:53:36,293:INFO:7/10,train_loss:0.146
2020-10-31 15:53:36,494:INFO:8/10,train_loss:0.127
2020-10-31 15:53:36,694:INFO:9/10,train_loss:0.123
2020-10-31 15:53:36,895:INFO:10/10,train_loss:0.121
2020-10-31 15:55:55,834:INFO:Miou=0.615565,aver_hd=7.971002,aver_dice=0.760714
2020-10-31 15:55:55,834:INFO:epoch 19 loss:1.272
2020-10-31 15:55:55,835:INFO:Epoch 20/49
2020-10-31 15:55:56,053:INFO:1/10,train_loss:0.122
2020-10-31 15:55:56,252:INFO:2/10,train_loss:0.131
2020-10-31 15:55:56,451:INFO:3/10,train_loss:0.136
2020-10-31 15:55:56,652:INFO:4/10,train_loss:0.128
2020-10-31 15:55:56,852:INFO:5/10,train_loss:0.123
2020-10-31 15:55:57,055:INFO:6/10,train_loss:0.112
2020-10-31 15:55:57,405:INFO:7/10,train_loss:0.144
2020-10-31 15:55:57,604:INFO:8/10,train_loss:0.126
2020-10-31 15:55:57,804:INFO:9/10,train_loss:0.121
2020-10-31 15:55:58,004:INFO:10/10,train_loss:0.121
2020-10-31 15:58:17,389:INFO:Miou=0.636575,aver_hd=7.986741,aver_dice=0.776942
2020-10-31 15:58:17,389:INFO:aver_iou:0.6365748990724829 > best_iou:0.6200746468576451
2020-10-31 15:58:17,389:INFO:===========>save best model!
2020-10-31 15:58:17,420:INFO:epoch 20 loss:1.264
2020-10-31 15:58:17,420:INFO:Epoch 21/49
2020-10-31 15:58:17,638:INFO:1/10,train_loss:0.117
2020-10-31 15:58:17,839:INFO:2/10,train_loss:0.122
2020-10-31 15:58:18,039:INFO:3/10,train_loss:0.129
2020-10-31 15:58:18,239:INFO:4/10,train_loss:0.123
2020-10-31 15:58:18,442:INFO:5/10,train_loss:0.122
2020-10-31 15:58:18,643:INFO:6/10,train_loss:0.109
2020-10-31 15:58:18,843:INFO:7/10,train_loss:0.135
2020-10-31 15:58:19,043:INFO:8/10,train_loss:0.121
2020-10-31 15:58:19,243:INFO:9/10,train_loss:0.116
2020-10-31 15:58:19,444:INFO:10/10,train_loss:0.116
2020-10-31 16:00:37,321:INFO:Miou=0.595285,aver_hd=8.266741,aver_dice=0.744694
2020-10-31 16:00:37,321:INFO:epoch 21 loss:1.209
2020-10-31 16:00:37,322:INFO:Epoch 22/49
2020-10-31 16:00:37,534:INFO:1/10,train_loss:0.114
2020-10-31 16:00:37,730:INFO:2/10,train_loss:0.116
2020-10-31 16:00:37,925:INFO:3/10,train_loss:0.127
2020-10-31 16:00:38,120:INFO:4/10,train_loss:0.119
2020-10-31 16:00:38,316:INFO:5/10,train_loss:0.117
2020-10-31 16:00:38,512:INFO:6/10,train_loss:0.105
2020-10-31 16:00:38,710:INFO:7/10,train_loss:0.131
2020-10-31 16:00:38,910:INFO:8/10,train_loss:0.117
2020-10-31 16:00:39,106:INFO:9/10,train_loss:0.115
2020-10-31 16:00:39,302:INFO:10/10,train_loss:0.114
2020-10-31 16:02:57,044:INFO:Miou=0.626004,aver_hd=8.114007,aver_dice=0.768944
2020-10-31 16:02:57,044:INFO:epoch 22 loss:1.175
2020-10-31 16:02:57,044:INFO:Epoch 23/49
2020-10-31 16:02:57,258:INFO:1/10,train_loss:0.111
2020-10-31 16:02:57,451:INFO:2/10,train_loss:0.118
2020-10-31 16:02:57,646:INFO:3/10,train_loss:0.123
2020-10-31 16:02:57,839:INFO:4/10,train_loss:0.118
2020-10-31 16:02:58,031:INFO:5/10,train_loss:0.115
2020-10-31 16:02:58,224:INFO:6/10,train_loss:0.103
2020-10-31 16:02:58,422:INFO:7/10,train_loss:0.132
2020-10-31 16:02:58,618:INFO:8/10,train_loss:0.117
2020-10-31 16:02:58,813:INFO:9/10,train_loss:0.112
2020-10-31 16:02:59,007:INFO:10/10,train_loss:0.110
2020-10-31 16:05:17,536:INFO:Miou=0.642657,aver_hd=7.934216,aver_dice=0.781668
2020-10-31 16:05:17,536:INFO:aver_iou:0.6426566683695528 > best_iou:0.6365748990724829
2020-10-31 16:05:17,536:INFO:===========>save best model!
2020-10-31 16:05:17,567:INFO:epoch 23 loss:1.159
2020-10-31 16:05:17,567:INFO:Epoch 24/49
2020-10-31 16:05:17,779:INFO:1/10,train_loss:0.108
2020-10-31 16:05:17,976:INFO:2/10,train_loss:0.110
2020-10-31 16:05:18,171:INFO:3/10,train_loss:0.120
2020-10-31 16:05:18,366:INFO:4/10,train_loss:0.115
2020-10-31 16:05:18,561:INFO:5/10,train_loss:0.112
2020-10-31 16:05:18,756:INFO:6/10,train_loss:0.100
2020-10-31 16:05:18,953:INFO:7/10,train_loss:0.127
2020-10-31 16:05:19,149:INFO:8/10,train_loss:0.115
2020-10-31 16:05:19,346:INFO:9/10,train_loss:0.109
2020-10-31 16:05:19,543:INFO:10/10,train_loss:0.107
2020-10-31 16:07:37,886:INFO:Miou=0.627088,aver_hd=7.922485,aver_dice=0.769497
2020-10-31 16:07:37,886:INFO:epoch 24 loss:1.124
2020-10-31 16:07:37,886:INFO:Epoch 25/49
2020-10-31 16:07:38,102:INFO:1/10,train_loss:0.106
2020-10-31 16:07:38,300:INFO:2/10,train_loss:0.111
2020-10-31 16:07:38,496:INFO:3/10,train_loss:0.120
2020-10-31 16:07:38,691:INFO:4/10,train_loss:0.114
2020-10-31 16:07:38,889:INFO:5/10,train_loss:0.110
2020-10-31 16:07:39,088:INFO:6/10,train_loss:0.098
2020-10-31 16:07:39,286:INFO:7/10,train_loss:0.123
2020-10-31 16:07:39,485:INFO:8/10,train_loss:0.114
2020-10-31 16:07:39,700:INFO:9/10,train_loss:0.108
2020-10-31 16:07:39,916:INFO:10/10,train_loss:0.107
2020-10-31 16:09:59,943:INFO:Miou=0.650427,aver_hd=7.905092,aver_dice=0.787450
2020-10-31 16:09:59,943:INFO:aver_iou:0.6504267282008438 > best_iou:0.6426566683695528
2020-10-31 16:09:59,943:INFO:===========>save best model!
2020-10-31 16:09:59,973:INFO:epoch 25 loss:1.111
2020-10-31 16:09:59,973:INFO:Epoch 26/49
2020-10-31 16:10:00,187:INFO:1/10,train_loss:0.103
2020-10-31 16:10:00,389:INFO:2/10,train_loss:0.105
2020-10-31 16:10:00,586:INFO:3/10,train_loss:0.114
2020-10-31 16:10:00,782:INFO:4/10,train_loss:0.111
2020-10-31 16:10:00,977:INFO:5/10,train_loss:0.108
2020-10-31 16:10:01,172:INFO:6/10,train_loss:0.095
2020-10-31 16:10:01,368:INFO:7/10,train_loss:0.121
2020-10-31 16:10:01,566:INFO:8/10,train_loss:0.110
2020-10-31 16:10:01,765:INFO:9/10,train_loss:0.104
2020-10-31 16:10:01,963:INFO:10/10,train_loss:0.103
2020-10-31 16:12:19,898:INFO:Miou=0.640817,aver_hd=7.833025,aver_dice=0.779969
2020-10-31 16:12:19,899:INFO:epoch 26 loss:1.074
2020-10-31 16:12:19,899:INFO:Epoch 27/49
2020-10-31 16:12:20,104:INFO:1/10,train_loss:0.100
2020-10-31 16:12:20,300:INFO:2/10,train_loss:0.103
2020-10-31 16:12:20,494:INFO:3/10,train_loss:0.112
2020-10-31 16:12:20,686:INFO:4/10,train_loss:0.109
2020-10-31 16:12:20,876:INFO:5/10,train_loss:0.108
2020-10-31 16:12:21,069:INFO:6/10,train_loss:0.095
2020-10-31 16:12:21,263:INFO:7/10,train_loss:0.118
2020-10-31 16:12:21,457:INFO:8/10,train_loss:0.108
2020-10-31 16:12:21,651:INFO:9/10,train_loss:0.103
2020-10-31 16:12:21,842:INFO:10/10,train_loss:0.100
2020-10-31 16:14:39,858:INFO:Miou=0.640350,aver_hd=7.910584,aver_dice=0.779636
2020-10-31 16:14:39,859:INFO:epoch 27 loss:1.056
2020-10-31 16:14:39,859:INFO:Epoch 28/49
2020-10-31 16:14:40,069:INFO:1/10,train_loss:0.099
2020-10-31 16:14:40,263:INFO:2/10,train_loss:0.102
2020-10-31 16:14:40,460:INFO:3/10,train_loss:0.110
2020-10-31 16:14:40,653:INFO:4/10,train_loss:0.107
2020-10-31 16:14:40,854:INFO:5/10,train_loss:0.106
2020-10-31 16:14:41,059:INFO:6/10,train_loss:0.094
2020-10-31 16:14:41,263:INFO:7/10,train_loss:0.114
2020-10-31 16:14:41,464:INFO:8/10,train_loss:0.105
2020-10-31 16:14:41,661:INFO:9/10,train_loss:0.101
2020-10-31 16:14:41,858:INFO:10/10,train_loss:0.100
2020-10-31 16:16:59,211:INFO:Miou=0.625943,aver_hd=7.939476,aver_dice=0.768546
2020-10-31 16:16:59,211:INFO:epoch 28 loss:1.038
2020-10-31 16:16:59,212:INFO:Epoch 29/49
2020-10-31 16:16:59,422:INFO:1/10,train_loss:0.097
2020-10-31 16:16:59,611:INFO:2/10,train_loss:0.098
2020-10-31 16:16:59,812:INFO:3/10,train_loss:0.108
2020-10-31 16:17:00,013:INFO:4/10,train_loss:0.105
2020-10-31 16:17:00,209:INFO:5/10,train_loss:0.105
2020-10-31 16:17:00,404:INFO:6/10,train_loss:0.093
2020-10-31 16:17:00,595:INFO:7/10,train_loss:0.114
2020-10-31 16:17:00,790:INFO:8/10,train_loss:0.101
2020-10-31 16:17:00,987:INFO:9/10,train_loss:0.097
2020-10-31 16:17:01,179:INFO:10/10,train_loss:0.098
2020-10-31 16:19:18,206:INFO:Miou=0.602798,aver_hd=8.092852,aver_dice=0.750297
2020-10-31 16:19:18,207:INFO:epoch 29 loss:1.017
2020-10-31 16:19:18,207:INFO:Epoch 30/49
2020-10-31 16:19:18,418:INFO:1/10,train_loss:0.097
2020-10-31 16:19:18,610:INFO:2/10,train_loss:0.097
2020-10-31 16:19:18,800:INFO:3/10,train_loss:0.106
2020-10-31 16:19:18,991:INFO:4/10,train_loss:0.104
2020-10-31 16:19:19,187:INFO:5/10,train_loss:0.103
2020-10-31 16:19:19,377:INFO:6/10,train_loss:0.092
2020-10-31 16:19:19,572:INFO:7/10,train_loss:0.112
2020-10-31 16:19:19,764:INFO:8/10,train_loss:0.101
2020-10-31 16:19:19,961:INFO:9/10,train_loss:0.095
2020-10-31 16:19:20,154:INFO:10/10,train_loss:0.095
2020-10-31 16:21:38,590:INFO:Miou=0.635545,aver_hd=7.871530,aver_dice=0.775628
2020-10-31 16:21:38,590:INFO:epoch 30 loss:1.003
2020-10-31 16:21:38,591:INFO:Epoch 31/49
2020-10-31 16:21:38,803:INFO:1/10,train_loss:0.095
2020-10-31 16:21:38,994:INFO:2/10,train_loss:0.098
2020-10-31 16:21:39,189:INFO:3/10,train_loss:0.107
2020-10-31 16:21:39,379:INFO:4/10,train_loss:0.103
2020-10-31 16:21:39,571:INFO:5/10,train_loss:0.100
2020-10-31 16:21:39,765:INFO:6/10,train_loss:0.089
2020-10-31 16:21:39,961:INFO:7/10,train_loss:0.109
2020-10-31 16:21:40,153:INFO:8/10,train_loss:0.098
2020-10-31 16:21:40,351:INFO:9/10,train_loss:0.095
2020-10-31 16:21:40,546:INFO:10/10,train_loss:0.095
2020-10-31 16:23:58,539:INFO:Miou=0.640993,aver_hd=7.911478,aver_dice=0.780317
2020-10-31 16:23:58,540:INFO:epoch 31 loss:0.989
2020-10-31 16:23:58,540:INFO:Epoch 32/49
2020-10-31 16:23:58,751:INFO:1/10,train_loss:0.095
2020-10-31 16:23:58,945:INFO:2/10,train_loss:0.097
2020-10-31 16:23:59,138:INFO:3/10,train_loss:0.106
2020-10-31 16:23:59,525:INFO:4/10,train_loss:0.102
2020-10-31 16:23:59,717:INFO:5/10,train_loss:0.098
2020-10-31 16:23:59,907:INFO:6/10,train_loss:0.086
2020-10-31 16:24:00,099:INFO:7/10,train_loss:0.108
2020-10-31 16:24:00,291:INFO:8/10,train_loss:0.098
2020-10-31 16:24:00,484:INFO:9/10,train_loss:0.094
2020-10-31 16:24:00,673:INFO:10/10,train_loss:0.094
2020-10-31 16:26:19,358:INFO:Miou=0.649651,aver_hd=7.814680,aver_dice=0.786715
2020-10-31 16:26:19,358:INFO:epoch 32 loss:0.978
2020-10-31 16:26:19,359:INFO:Epoch 33/49
2020-10-31 16:26:19,571:INFO:1/10,train_loss:0.094
2020-10-31 16:26:19,924:INFO:2/10,train_loss:0.094
2020-10-31 16:26:20,119:INFO:3/10,train_loss:0.102
2020-10-31 16:26:20,314:INFO:4/10,train_loss:0.100
2020-10-31 16:26:20,505:INFO:5/10,train_loss:0.098
2020-10-31 16:26:20,696:INFO:6/10,train_loss:0.085
2020-10-31 16:26:20,892:INFO:7/10,train_loss:0.109
2020-10-31 16:26:21,087:INFO:8/10,train_loss:0.097
2020-10-31 16:26:21,282:INFO:9/10,train_loss:0.092
2020-10-31 16:26:21,475:INFO:10/10,train_loss:0.092
2020-10-31 16:28:39,353:INFO:Miou=0.618174,aver_hd=7.903480,aver_dice=0.762715
2020-10-31 16:28:39,353:INFO:epoch 33 loss:0.963
2020-10-31 16:28:39,354:INFO:Epoch 34/49
2020-10-31 16:28:39,561:INFO:1/10,train_loss:0.092
2020-10-31 16:28:39,754:INFO:2/10,train_loss:0.093
2020-10-31 16:28:39,942:INFO:3/10,train_loss:0.104
2020-10-31 16:28:40,334:INFO:4/10,train_loss:0.100
2020-10-31 16:28:40,528:INFO:5/10,train_loss:0.096
2020-10-31 16:28:40,719:INFO:6/10,train_loss:0.084
2020-10-31 16:28:40,907:INFO:7/10,train_loss:0.105
2020-10-31 16:28:41,100:INFO:8/10,train_loss:0.096
2020-10-31 16:28:41,291:INFO:9/10,train_loss:0.091
2020-10-31 16:28:41,482:INFO:10/10,train_loss:0.092
2020-10-31 16:31:00,147:INFO:Miou=0.656370,aver_hd=7.772877,aver_dice=0.791849
2020-10-31 16:31:00,147:INFO:aver_iou:0.6563695270993632 > best_iou:0.6504267282008438
2020-10-31 16:31:00,147:INFO:===========>save best model!
2020-10-31 16:31:00,177:INFO:epoch 34 loss:0.953
2020-10-31 16:31:00,177:INFO:Epoch 35/49
2020-10-31 16:31:00,389:INFO:1/10,train_loss:0.090
2020-10-31 16:31:00,583:INFO:2/10,train_loss:0.089
2020-10-31 16:31:00,780:INFO:3/10,train_loss:0.102
2020-10-31 16:31:00,975:INFO:4/10,train_loss:0.099
2020-10-31 16:31:01,180:INFO:5/10,train_loss:0.096
2020-10-31 16:31:01,374:INFO:6/10,train_loss:0.083
2020-10-31 16:31:01,566:INFO:7/10,train_loss:0.102
2020-10-31 16:31:01,760:INFO:8/10,train_loss:0.095
2020-10-31 16:31:01,951:INFO:9/10,train_loss:0.089
2020-10-31 16:31:02,149:INFO:10/10,train_loss:0.091
2020-10-31 16:33:20,722:INFO:Miou=0.652377,aver_hd=7.721977,aver_dice=0.788770
2020-10-31 16:33:20,723:INFO:epoch 35 loss:0.936
2020-10-31 16:33:20,723:INFO:Epoch 36/49
2020-10-31 16:33:20,935:INFO:1/10,train_loss:0.088
2020-10-31 16:33:21,129:INFO:2/10,train_loss:0.087
2020-10-31 16:33:21,319:INFO:3/10,train_loss:0.099
2020-10-31 16:33:21,511:INFO:4/10,train_loss:0.098
2020-10-31 16:33:21,701:INFO:5/10,train_loss:0.095
2020-10-31 16:33:21,891:INFO:6/10,train_loss:0.082
2020-10-31 16:33:22,092:INFO:7/10,train_loss:0.100
2020-10-31 16:33:22,301:INFO:8/10,train_loss:0.093
2020-10-31 16:33:22,508:INFO:9/10,train_loss:0.088
2020-10-31 16:33:22,702:INFO:10/10,train_loss:0.089
2020-10-31 16:35:41,387:INFO:Miou=0.646506,aver_hd=7.783919,aver_dice=0.784312
2020-10-31 16:35:41,388:INFO:epoch 36 loss:0.919
2020-10-31 16:35:41,388:INFO:Epoch 37/49
2020-10-31 16:35:41,592:INFO:1/10,train_loss:0.087
2020-10-31 16:35:41,783:INFO:2/10,train_loss:0.087
2020-10-31 16:35:41,977:INFO:3/10,train_loss:0.098
2020-10-31 16:35:42,168:INFO:4/10,train_loss:0.096
2020-10-31 16:35:42,361:INFO:5/10,train_loss:0.094
2020-10-31 16:35:42,554:INFO:6/10,train_loss:0.081
2020-10-31 16:35:42,748:INFO:7/10,train_loss:0.098
2020-10-31 16:35:42,940:INFO:8/10,train_loss:0.092
2020-10-31 16:35:43,134:INFO:9/10,train_loss:0.087
2020-10-31 16:35:43,330:INFO:10/10,train_loss:0.088
2020-10-31 16:38:02,463:INFO:Miou=0.659328,aver_hd=7.717187,aver_dice=0.793898
2020-10-31 16:38:02,464:INFO:aver_iou:0.6593280423386686 > best_iou:0.6563695270993632
2020-10-31 16:38:02,464:INFO:===========>save best model!
2020-10-31 16:38:02,494:INFO:epoch 37 loss:0.908
2020-10-31 16:38:02,494:INFO:Epoch 38/49
2020-10-31 16:38:02,709:INFO:1/10,train_loss:0.086
2020-10-31 16:38:02,911:INFO:2/10,train_loss:0.086
2020-10-31 16:38:03,108:INFO:3/10,train_loss:0.098
2020-10-31 16:38:03,299:INFO:4/10,train_loss:0.095
2020-10-31 16:38:03,491:INFO:5/10,train_loss:0.092
2020-10-31 16:38:03,688:INFO:6/10,train_loss:0.080
2020-10-31 16:38:03,880:INFO:7/10,train_loss:0.099
2020-10-31 16:38:04,075:INFO:8/10,train_loss:0.090
2020-10-31 16:38:04,267:INFO:9/10,train_loss:0.086
2020-10-31 16:38:04,458:INFO:10/10,train_loss:0.088
2020-10-31 16:40:22,231:INFO:Miou=0.630347,aver_hd=7.921411,aver_dice=0.772013
2020-10-31 16:40:22,231:INFO:epoch 38 loss:0.901
2020-10-31 16:40:22,231:INFO:Epoch 39/49
2020-10-31 16:40:22,441:INFO:1/10,train_loss:0.086
2020-10-31 16:40:22,640:INFO:2/10,train_loss:0.091
2020-10-31 16:40:22,833:INFO:3/10,train_loss:0.099
2020-10-31 16:40:23,026:INFO:4/10,train_loss:0.096
2020-10-31 16:40:23,218:INFO:5/10,train_loss:0.092
2020-10-31 16:40:23,722:INFO:6/10,train_loss:0.081
2020-10-31 16:40:23,915:INFO:7/10,train_loss:0.105
2020-10-31 16:40:24,111:INFO:8/10,train_loss:0.090
2020-10-31 16:40:24,304:INFO:9/10,train_loss:0.087
2020-10-31 16:40:24,494:INFO:10/10,train_loss:0.088
2020-10-31 16:42:42,296:INFO:Miou=0.633954,aver_hd=7.950481,aver_dice=0.775140
2020-10-31 16:42:42,296:INFO:epoch 39 loss:0.915
2020-10-31 16:42:42,296:INFO:Epoch 40/49
2020-10-31 16:42:42,509:INFO:1/10,train_loss:0.086
2020-10-31 16:42:42,710:INFO:2/10,train_loss:0.093
2020-10-31 16:42:42,916:INFO:3/10,train_loss:0.103
2020-10-31 16:42:43,122:INFO:4/10,train_loss:0.099
2020-10-31 16:42:43,329:INFO:5/10,train_loss:0.094
2020-10-31 16:42:43,537:INFO:6/10,train_loss:0.082
2020-10-31 16:42:43,740:INFO:7/10,train_loss:0.113
2020-10-31 16:42:44,133:INFO:8/10,train_loss:0.094
2020-10-31 16:42:44,328:INFO:9/10,train_loss:0.090
2020-10-31 16:42:44,523:INFO:10/10,train_loss:0.090
2020-10-31 16:45:02,655:INFO:Miou=0.633207,aver_hd=8.024291,aver_dice=0.774533
2020-10-31 16:45:02,655:INFO:epoch 40 loss:0.943
2020-10-31 16:45:02,655:INFO:Epoch 41/49
2020-10-31 16:45:02,864:INFO:1/10,train_loss:0.088
2020-10-31 16:45:03,055:INFO:2/10,train_loss:0.095
2020-10-31 16:45:03,248:INFO:3/10,train_loss:0.101
2020-10-31 16:45:03,439:INFO:4/10,train_loss:0.097
2020-10-31 16:45:03,628:INFO:5/10,train_loss:0.095
2020-10-31 16:45:03,820:INFO:6/10,train_loss:0.082
2020-10-31 16:45:04,012:INFO:7/10,train_loss:0.104
2020-10-31 16:45:04,206:INFO:8/10,train_loss:0.091
2020-10-31 16:45:04,400:INFO:9/10,train_loss:0.088
2020-10-31 16:45:04,594:INFO:10/10,train_loss:0.089
2020-10-31 16:47:22,806:INFO:Miou=0.642141,aver_hd=7.801887,aver_dice=0.780776
2020-10-31 16:47:22,806:INFO:epoch 41 loss:0.928
2020-10-31 16:47:22,806:INFO:Epoch 42/49
2020-10-31 16:47:23,017:INFO:1/10,train_loss:0.087
2020-10-31 16:47:23,210:INFO:2/10,train_loss:0.087
2020-10-31 16:47:23,579:INFO:3/10,train_loss:0.098
2020-10-31 16:47:23,770:INFO:4/10,train_loss:0.096
2020-10-31 16:47:23,962:INFO:5/10,train_loss:0.093
2020-10-31 16:47:24,154:INFO:6/10,train_loss:0.079
2020-10-31 16:47:24,346:INFO:7/10,train_loss:0.102
2020-10-31 16:47:24,538:INFO:8/10,train_loss:0.091
2020-10-31 16:47:24,731:INFO:9/10,train_loss:0.086
2020-10-31 16:47:24,924:INFO:10/10,train_loss:0.087
2020-10-31 16:49:42,603:INFO:Miou=0.637037,aver_hd=7.956979,aver_dice=0.777010
2020-10-31 16:49:42,603:INFO:epoch 42 loss:0.906
2020-10-31 16:49:42,603:INFO:Epoch 43/49
2020-10-31 16:49:42,818:INFO:1/10,train_loss:0.085
2020-10-31 16:49:43,018:INFO:2/10,train_loss:0.086
2020-10-31 16:49:43,215:INFO:3/10,train_loss:0.097
2020-10-31 16:49:43,409:INFO:4/10,train_loss:0.095
2020-10-31 16:49:43,602:INFO:5/10,train_loss:0.091
2020-10-31 16:49:43,798:INFO:6/10,train_loss:0.078
2020-10-31 16:49:43,994:INFO:7/10,train_loss:0.097
2020-10-31 16:49:44,187:INFO:8/10,train_loss:0.089
2020-10-31 16:49:44,380:INFO:9/10,train_loss:0.084
2020-10-31 16:49:44,577:INFO:10/10,train_loss:0.086
2020-10-31 16:52:03,635:INFO:Miou=0.662127,aver_hd=7.684257,aver_dice=0.796173
2020-10-31 16:52:03,635:INFO:aver_iou:0.6621269291173826 > best_iou:0.6593280423386686
2020-10-31 16:52:03,635:INFO:===========>save best model!
2020-10-31 16:52:03,664:INFO:epoch 43 loss:0.888
2020-10-31 16:52:03,664:INFO:Epoch 44/49
2020-10-31 16:52:03,876:INFO:1/10,train_loss:0.085
2020-10-31 16:52:04,070:INFO:2/10,train_loss:0.084
2020-10-31 16:52:04,262:INFO:3/10,train_loss:0.094
2020-10-31 16:52:04,453:INFO:4/10,train_loss:0.094
2020-10-31 16:52:04,643:INFO:5/10,train_loss:0.089
2020-10-31 16:52:04,834:INFO:6/10,train_loss:0.076
2020-10-31 16:52:05,028:INFO:7/10,train_loss:0.095
2020-10-31 16:52:05,223:INFO:8/10,train_loss:0.089
2020-10-31 16:52:05,417:INFO:9/10,train_loss:0.084
2020-10-31 16:52:05,608:INFO:10/10,train_loss:0.084
2020-10-31 16:54:24,579:INFO:Miou=0.652369,aver_hd=7.660819,aver_dice=0.788641
2020-10-31 16:54:24,579:INFO:epoch 44 loss:0.874
2020-10-31 16:54:24,579:INFO:Epoch 45/49
2020-10-31 16:54:24,793:INFO:1/10,train_loss:0.084
2020-10-31 16:54:25,001:INFO:2/10,train_loss:0.082
2020-10-31 16:54:25,195:INFO:3/10,train_loss:0.092
2020-10-31 16:54:25,398:INFO:4/10,train_loss:0.092
2020-10-31 16:54:25,594:INFO:5/10,train_loss:0.090
2020-10-31 16:54:25,786:INFO:6/10,train_loss:0.077
2020-10-31 16:54:25,979:INFO:7/10,train_loss:0.093
2020-10-31 16:54:26,173:INFO:8/10,train_loss:0.087
2020-10-31 16:54:26,368:INFO:9/10,train_loss:0.081
2020-10-31 16:54:26,562:INFO:10/10,train_loss:0.083
2020-10-31 16:56:45,332:INFO:Miou=0.644137,aver_hd=7.701692,aver_dice=0.782626
2020-10-31 16:56:45,332:INFO:epoch 45 loss:0.863
2020-10-31 16:56:45,333:INFO:Epoch 46/49
2020-10-31 16:56:45,547:INFO:1/10,train_loss:0.083
2020-10-31 16:56:45,746:INFO:2/10,train_loss:0.081
2020-10-31 16:56:45,943:INFO:3/10,train_loss:0.091
2020-10-31 16:56:46,139:INFO:4/10,train_loss:0.091
2020-10-31 16:56:46,337:INFO:5/10,train_loss:0.089
2020-10-31 16:56:46,535:INFO:6/10,train_loss:0.077
2020-10-31 16:56:46,732:INFO:7/10,train_loss:0.092
2020-10-31 16:56:46,924:INFO:8/10,train_loss:0.087
2020-10-31 16:56:47,121:INFO:9/10,train_loss:0.081
2020-10-31 16:56:47,318:INFO:10/10,train_loss:0.083
2020-10-31 16:59:06,874:INFO:Miou=0.648289,aver_hd=7.706789,aver_dice=0.785785
2020-10-31 16:59:06,875:INFO:epoch 46 loss:0.855
2020-10-31 16:59:06,875:INFO:Epoch 47/49
2020-10-31 16:59:07,086:INFO:1/10,train_loss:0.082
2020-10-31 16:59:07,281:INFO:2/10,train_loss:0.081
2020-10-31 16:59:07,477:INFO:3/10,train_loss:0.091
2020-10-31 16:59:07,674:INFO:4/10,train_loss:0.091
2020-10-31 16:59:07,870:INFO:5/10,train_loss:0.089
2020-10-31 16:59:08,326:INFO:6/10,train_loss:0.077
2020-10-31 16:59:08,536:INFO:7/10,train_loss:0.092
2020-10-31 16:59:08,747:INFO:8/10,train_loss:0.085
2020-10-31 16:59:08,953:INFO:9/10,train_loss:0.079
2020-10-31 16:59:09,158:INFO:10/10,train_loss:0.082
2020-10-31 17:01:27,565:INFO:Miou=0.625273,aver_hd=7.844817,aver_dice=0.768032
2020-10-31 17:01:27,565:INFO:epoch 47 loss:0.849
2020-10-31 17:01:27,565:INFO:Epoch 48/49
2020-10-31 17:01:27,775:INFO:1/10,train_loss:0.083
2020-10-31 17:01:27,974:INFO:2/10,train_loss:0.081
2020-10-31 17:01:28,163:INFO:3/10,train_loss:0.090
2020-10-31 17:01:28,356:INFO:4/10,train_loss:0.089
2020-10-31 17:01:28,550:INFO:5/10,train_loss:0.088
2020-10-31 17:01:28,744:INFO:6/10,train_loss:0.078
2020-10-31 17:01:28,941:INFO:7/10,train_loss:0.093
2020-10-31 17:01:29,137:INFO:8/10,train_loss:0.084
2020-10-31 17:01:29,330:INFO:9/10,train_loss:0.079
2020-10-31 17:01:29,526:INFO:10/10,train_loss:0.081
2020-10-31 17:03:48,366:INFO:Miou=0.646050,aver_hd=7.855897,aver_dice=0.783931
2020-10-31 17:03:48,367:INFO:epoch 48 loss:0.846
2020-10-31 17:03:48,367:INFO:Epoch 49/49
2020-10-31 17:03:48,578:INFO:1/10,train_loss:0.084
2020-10-31 17:03:48,778:INFO:2/10,train_loss:0.082
2020-10-31 17:03:48,974:INFO:3/10,train_loss:0.093
2020-10-31 17:03:49,170:INFO:4/10,train_loss:0.090
2020-10-31 17:03:49,364:INFO:5/10,train_loss:0.086
2020-10-31 17:03:49,559:INFO:6/10,train_loss:0.077
2020-10-31 17:03:49,756:INFO:7/10,train_loss:0.094
2020-10-31 17:03:49,952:INFO:8/10,train_loss:0.085
2020-10-31 17:03:50,146:INFO:9/10,train_loss:0.080
2020-10-31 17:03:50,342:INFO:10/10,train_loss:0.082
2020-10-31 17:06:09,473:INFO:Miou=0.654904,aver_hd=7.742767,aver_dice=0.790644
2020-10-31 17:06:09,473:INFO:epoch 49 loss:0.853
2020-10-31 17:06:09,611:DEBUG:findfont: Matching :family=sans-serif:style=normal:variant=normal:weight=normal:stretch=normal:size=10.0 to DejaVu Sans ('F:\\Anaconda\\lib\\site-packages\\matplotlib\\mpl-data\\fonts\\ttf\\DejaVuSans.ttf') with score of 0.050000
2020-10-31 17:06:09,776:INFO:final test........
2020-10-31 17:06:16,990:DEBUG:findfont: Matching :family=sans-serif:style=normal:variant=normal:weight=normal:stretch=normal:size=12.0 to DejaVu Sans ('F:\\Anaconda\\lib\\site-packages\\matplotlib\\mpl-data\\fonts\\ttf\\DejaVuSans.ttf') with score of 0.050000
2020-10-31 17:08:31,495:INFO:Miou=0.662127,aver_hd=7.684257,dv=0.796173
2020-10-31 17:24:36,979:INFO:
=======
models:UNet,
epoch:50,
batch size:2
dataset:driveEye
========
2020-10-31 17:24:37,948:INFO:Epoch 0/49
2020-10-31 17:24:39,128:INFO:1/10,train_loss:0.693
2020-10-31 17:24:39,329:INFO:2/10,train_loss:0.564
2020-10-31 17:24:39,519:INFO:3/10,train_loss:0.451
2020-10-31 17:24:39,710:INFO:4/10,train_loss:0.352
2020-10-31 17:24:39,900:INFO:5/10,train_loss:0.280
2020-10-31 17:24:40,090:INFO:6/10,train_loss:0.237
2020-10-31 17:24:40,277:INFO:7/10,train_loss:0.266
2020-10-31 17:24:40,465:INFO:8/10,train_loss:0.291
2020-10-31 17:24:40,654:INFO:9/10,train_loss:0.259
2020-10-31 17:24:40,842:INFO:10/10,train_loss:0.239
2020-10-31 17:27:06,234:INFO:Miou=0.000000,aver_hd=12.232894,aver_dice=0.000000
2020-10-31 17:27:06,234:INFO:epoch 0 loss:3.632
2020-10-31 17:27:06,235:INFO:Epoch 1/49
2020-10-31 17:27:06,437:INFO:1/10,train_loss:0.251
2020-10-31 17:27:06,625:INFO:2/10,train_loss:0.241
2020-10-31 17:27:06,810:INFO:3/10,train_loss:0.288
2020-10-31 17:27:06,997:INFO:4/10,train_loss:0.251
2020-10-31 17:27:07,187:INFO:5/10,train_loss:0.223
2020-10-31 17:27:07,373:INFO:6/10,train_loss:0.218
2020-10-31 17:27:07,562:INFO:7/10,train_loss:0.226
2020-10-31 17:27:07,751:INFO:8/10,train_loss:0.258
2020-10-31 17:27:07,937:INFO:9/10,train_loss:0.228
2020-10-31 17:27:08,123:INFO:10/10,train_loss:0.214
2020-10-31 17:29:32,474:INFO:Miou=0.000000,aver_hd=12.232894,aver_dice=0.000000
2020-10-31 17:29:32,474:INFO:epoch 1 loss:2.398
2020-10-31 17:29:32,475:INFO:Epoch 2/49
2020-10-31 17:29:32,679:INFO:1/10,train_loss:0.196
2020-10-31 17:29:32,866:INFO:2/10,train_loss:0.210
2020-10-31 17:29:33,053:INFO:3/10,train_loss:0.215
2020-10-31 17:29:33,241:INFO:4/10,train_loss:0.214
2020-10-31 17:29:33,428:INFO:5/10,train_loss:0.206
2020-10-31 17:29:33,620:INFO:6/10,train_loss:0.166
2020-10-31 17:29:33,811:INFO:7/10,train_loss:0.201
2020-10-31 17:29:33,999:INFO:8/10,train_loss:0.205
2020-10-31 17:29:34,188:INFO:9/10,train_loss:0.174
2020-10-31 17:29:34,374:INFO:10/10,train_loss:0.158
2020-10-31 17:31:55,331:INFO:Miou=0.000082,aver_hd=12.220530,aver_dice=0.000164
2020-10-31 17:31:55,331:INFO:aver_iou:8.183765391837393e-05 > best_iou:0
2020-10-31 17:31:55,331:INFO:===========>save best model!
2020-10-31 17:31:55,360:INFO:epoch 2 loss:1.944
2020-10-31 17:31:55,360:INFO:Epoch 3/49
2020-10-31 17:31:55,562:INFO:1/10,train_loss:0.163
2020-10-31 17:31:55,755:INFO:2/10,train_loss:0.172
2020-10-31 17:31:55,942:INFO:3/10,train_loss:0.175
2020-10-31 17:31:56,127:INFO:4/10,train_loss:0.191
2020-10-31 17:31:56,315:INFO:5/10,train_loss:0.143
2020-10-31 17:31:56,501:INFO:6/10,train_loss:0.157
2020-10-31 17:31:56,687:INFO:7/10,train_loss:0.173
2020-10-31 17:31:56,870:INFO:8/10,train_loss:0.160
2020-10-31 17:31:57,057:INFO:9/10,train_loss:0.164
2020-10-31 17:31:57,239:INFO:10/10,train_loss:0.133
2020-10-31 17:33:58,550:INFO:Miou=0.403921,aver_hd=9.447451,aver_dice=0.569749
2020-10-31 17:33:58,550:INFO:aver_iou:0.40392060573463945 > best_iou:8.183765391837393e-05
2020-10-31 17:33:58,550:INFO:===========>save best model!
2020-10-31 17:33:58,581:INFO:epoch 3 loss:1.630
2020-10-31 17:33:58,581:INFO:Epoch 4/49
2020-10-31 17:33:58,792:INFO:1/10,train_loss:0.128
2020-10-31 17:33:58,984:INFO:2/10,train_loss:0.148
2020-10-31 17:33:59,173:INFO:3/10,train_loss:0.202
2020-10-31 17:33:59,364:INFO:4/10,train_loss:0.165
2020-10-31 17:33:59,552:INFO:5/10,train_loss:0.146
2020-10-31 17:33:59,742:INFO:6/10,train_loss:0.120
2020-10-31 17:33:59,936:INFO:7/10,train_loss:0.171
2020-10-31 17:34:00,125:INFO:8/10,train_loss:0.144
2020-10-31 17:34:00,317:INFO:9/10,train_loss:0.138
2020-10-31 17:34:00,509:INFO:10/10,train_loss:0.118
2020-10-31 17:36:00,862:INFO:Miou=0.366967,aver_hd=9.984384,aver_dice=0.528749
2020-10-31 17:36:00,863:INFO:epoch 4 loss:1.480
2020-10-31 17:36:00,863:INFO:Epoch 5/49
2020-10-31 17:36:01,069:INFO:1/10,train_loss:0.120
2020-10-31 17:36:01,258:INFO:2/10,train_loss:0.140
2020-10-31 17:36:01,448:INFO:3/10,train_loss:0.154
2020-10-31 17:36:01,636:INFO:4/10,train_loss:0.146
2020-10-31 17:36:02,063:INFO:5/10,train_loss:0.123
2020-10-31 17:36:02,251:INFO:6/10,train_loss:0.120
2020-10-31 17:36:02,440:INFO:7/10,train_loss:0.157
2020-10-31 17:36:02,628:INFO:8/10,train_loss:0.147
2020-10-31 17:36:02,817:INFO:9/10,train_loss:0.131
2020-10-31 17:36:03,005:INFO:10/10,train_loss:0.116
2020-10-31 17:38:02,559:INFO:Miou=0.209023,aver_hd=10.725603,aver_dice=0.338160
2020-10-31 17:38:02,560:INFO:epoch 5 loss:1.354
2020-10-31 17:38:02,560:INFO:Epoch 6/49
2020-10-31 17:38:02,772:INFO:1/10,train_loss:0.117
2020-10-31 17:38:02,972:INFO:2/10,train_loss:0.136
2020-10-31 17:38:03,163:INFO:3/10,train_loss:0.150
2020-10-31 17:38:03,359:INFO:4/10,train_loss:0.133
2020-10-31 17:38:03,550:INFO:5/10,train_loss:0.138
2020-10-31 17:38:03,743:INFO:6/10,train_loss:0.132
2020-10-31 17:38:03,935:INFO:7/10,train_loss:0.157
2020-10-31 17:38:04,127:INFO:8/10,train_loss:0.129
2020-10-31 17:38:04,324:INFO:9/10,train_loss:0.128
2020-10-31 17:38:04,517:INFO:10/10,train_loss:0.113
2020-10-31 17:40:04,259:INFO:Miou=0.281830,aver_hd=10.051643,aver_dice=0.431994
2020-10-31 17:40:04,259:INFO:epoch 6 loss:1.334
2020-10-31 17:40:04,260:INFO:Epoch 7/49
2020-10-31 17:40:04,474:INFO:1/10,train_loss:0.111
2020-10-31 17:40:04,674:INFO:2/10,train_loss:0.130
2020-10-31 17:40:04,866:INFO:3/10,train_loss:0.150
2020-10-31 17:40:05,057:INFO:4/10,train_loss:0.126
2020-10-31 17:40:05,245:INFO:5/10,train_loss:0.124
2020-10-31 17:40:05,438:INFO:6/10,train_loss:0.103
2020-10-31 17:40:05,629:INFO:7/10,train_loss:0.150
2020-10-31 17:40:05,820:INFO:8/10,train_loss:0.128
2020-10-31 17:40:06,013:INFO:9/10,train_loss:0.120
2020-10-31 17:40:06,202:INFO:10/10,train_loss:0.113
2020-10-31 17:42:06,754:INFO:Miou=0.420617,aver_hd=9.333509,aver_dice=0.588330
2020-10-31 17:42:06,755:INFO:aver_iou:0.4206170971632607 > best_iou:0.40392060573463945
2020-10-31 17:42:06,755:INFO:===========>save best model!
2020-10-31 17:42:06,785:INFO:epoch 7 loss:1.254
2020-10-31 17:42:06,785:INFO:Epoch 8/49
2020-10-31 17:42:06,991:INFO:1/10,train_loss:0.105
2020-10-31 17:42:07,187:INFO:2/10,train_loss:0.128
2020-10-31 17:42:07,375:INFO:3/10,train_loss:0.139
2020-10-31 17:42:07,565:INFO:4/10,train_loss:0.119
2020-10-31 17:42:07,757:INFO:5/10,train_loss:0.111
2020-10-31 17:42:07,945:INFO:6/10,train_loss:0.102
2020-10-31 17:42:08,135:INFO:7/10,train_loss:0.143
2020-10-31 17:42:08,321:INFO:8/10,train_loss:0.124
2020-10-31 17:42:08,510:INFO:9/10,train_loss:0.115
2020-10-31 17:42:08,699:INFO:10/10,train_loss:0.104
2020-10-31 17:44:09,872:INFO:Miou=0.433409,aver_hd=9.215821,aver_dice=0.601117
2020-10-31 17:44:09,872:INFO:aver_iou:0.43340854678973084 > best_iou:0.4206170971632607
2020-10-31 17:44:09,872:INFO:===========>save best model!
2020-10-31 17:44:09,902:INFO:epoch 8 loss:1.190
2020-10-31 17:44:09,903:INFO:Epoch 9/49
2020-10-31 17:44:10,109:INFO:1/10,train_loss:0.104
2020-10-31 17:44:10,302:INFO:2/10,train_loss:0.124
2020-10-31 17:44:10,489:INFO:3/10,train_loss:0.136
2020-10-31 17:44:10,676:INFO:4/10,train_loss:0.116
2020-10-31 17:44:10,865:INFO:5/10,train_loss:0.109
2020-10-31 17:44:11,053:INFO:6/10,train_loss:0.098
2020-10-31 17:44:11,242:INFO:7/10,train_loss:0.139
2020-10-31 17:44:11,429:INFO:8/10,train_loss:0.120
2020-10-31 17:44:11,618:INFO:9/10,train_loss:0.114
2020-10-31 17:44:11,805:INFO:10/10,train_loss:0.103
2020-10-31 17:46:13,301:INFO:Miou=0.482669,aver_hd=8.940246,aver_dice=0.647740
2020-10-31 17:46:13,301:INFO:aver_iou:0.48266877421932675 > best_iou:0.43340854678973084
2020-10-31 17:46:13,301:INFO:===========>save best model!
2020-10-31 17:46:13,332:INFO:epoch 9 loss:1.164
2020-10-31 17:46:13,332:INFO:Epoch 10/49
2020-10-31 17:46:13,535:INFO:1/10,train_loss:0.101
2020-10-31 17:46:13,723:INFO:2/10,train_loss:0.120
2020-10-31 17:46:14,092:INFO:3/10,train_loss:0.127
2020-10-31 17:46:14,284:INFO:4/10,train_loss:0.112
2020-10-31 17:46:14,474:INFO:5/10,train_loss:0.107
2020-10-31 17:46:14,662:INFO:6/10,train_loss:0.098
2020-10-31 17:46:14,850:INFO:7/10,train_loss:0.138
2020-10-31 17:46:15,037:INFO:8/10,train_loss:0.117
2020-10-31 17:46:15,224:INFO:9/10,train_loss:0.110
2020-10-31 17:46:15,412:INFO:10/10,train_loss:0.098
2020-10-31 17:48:16,719:INFO:Miou=0.457795,aver_hd=9.062756,aver_dice=0.624058
2020-10-31 17:48:16,720:INFO:epoch 10 loss:1.129
2020-10-31 17:48:16,720:INFO:Epoch 11/49
2020-10-31 17:48:16,923:INFO:1/10,train_loss:0.101
2020-10-31 17:48:17,113:INFO:2/10,train_loss:0.120
2020-10-31 17:48:17,306:INFO:3/10,train_loss:0.126
2020-10-31 17:48:17,496:INFO:4/10,train_loss:0.111
2020-10-31 17:48:17,690:INFO:5/10,train_loss:0.106
2020-10-31 17:48:18,141:INFO:6/10,train_loss:0.098
2020-10-31 17:48:18,329:INFO:7/10,train_loss:0.141
2020-10-31 17:48:18,516:INFO:8/10,train_loss:0.113
2020-10-31 17:48:18,702:INFO:9/10,train_loss:0.107
2020-10-31 17:48:18,889:INFO:10/10,train_loss:0.097
2020-10-31 17:50:21,240:INFO:Miou=0.502880,aver_hd=8.862077,aver_dice=0.666101
2020-10-31 17:50:21,240:INFO:aver_iou:0.50288044406293 > best_iou:0.48266877421932675
2020-10-31 17:50:21,240:INFO:===========>save best model!
2020-10-31 17:50:21,272:INFO:epoch 11 loss:1.119
2020-10-31 17:50:21,272:INFO:Epoch 12/49
2020-10-31 17:50:21,481:INFO:1/10,train_loss:0.098
2020-10-31 17:50:21,669:INFO:2/10,train_loss:0.119
2020-10-31 17:50:21,860:INFO:3/10,train_loss:0.129
2020-10-31 17:50:22,049:INFO:4/10,train_loss:0.112
2020-10-31 17:50:22,241:INFO:5/10,train_loss:0.103
2020-10-31 17:50:22,433:INFO:6/10,train_loss:0.092
2020-10-31 17:50:22,623:INFO:7/10,train_loss:0.137
2020-10-31 17:50:22,816:INFO:8/10,train_loss:0.112
2020-10-31 17:50:23,012:INFO:9/10,train_loss:0.107
2020-10-31 17:50:23,200:INFO:10/10,train_loss:0.100
